<?xml version="1.0" encoding="UTF-8"?>
<testsuite xmlns:xsi="http://www.w3.org/2001/XMLSchema-instance" xsi:schemaLocation="https://maven.apache.org/surefire/maven-surefire-plugin/xsd/surefire-test-report.xsd" name="TestSuite" time="21.019" tests="4" errors="0" skipped="0" failures="1">
  <properties>
    <property name="java.runtime.name" value="Java(TM) SE Runtime Environment"/>
    <property name="sun.boot.library.path" value="D:\developmentTool\java\jdk\jre\bin"/>
    <property name="java.vm.version" value="25.251-b08"/>
    <property name="java.vm.vendor" value="Oracle Corporation"/>
    <property name="maven.multiModuleProjectDirectory" value="D:\project\demo"/>
    <property name="java.vendor.url" value="http://java.oracle.com/"/>
    <property name="path.separator" value=";"/>
    <property name="guice.disable.misplaced.annotation.check" value="true"/>
    <property name="java.vm.name" value="Java HotSpot(TM) 64-Bit Server VM"/>
    <property name="file.encoding.pkg" value="sun.io"/>
    <property name="user.script" value=""/>
    <property name="user.country" value="CN"/>
    <property name="sun.java.launcher" value="SUN_STANDARD"/>
    <property name="sun.os.patch.level" value=""/>
    <property name="java.vm.specification.name" value="Java Virtual Machine Specification"/>
    <property name="user.dir" value="D:\project\demo"/>
    <property name="java.runtime.version" value="1.8.0_251-b08"/>
    <property name="java.awt.graphicsenv" value="sun.awt.Win32GraphicsEnvironment"/>
    <property name="java.endorsed.dirs" value="D:\developmentTool\java\jdk\jre\lib\endorsed"/>
    <property name="os.arch" value="amd64"/>
    <property name="java.io.tmpdir" value="C:\Users\jirc\AppData\Local\Temp\"/>
    <property name="line.separator" value="&#10;"/>
    <property name="java.vm.specification.vendor" value="Oracle Corporation"/>
    <property name="user.variant" value=""/>
    <property name="os.name" value="Windows 10"/>
    <property name="classworlds.conf" value="D:\developmentTool\apache-maven-3.6.3\bin\..\bin\m2.conf"/>
    <property name="sun.jnu.encoding" value="GBK"/>
    <property name="java.library.path" value="D:\developmentTool\java\jdk\bin;C:\Windows\Sun\Java\bin;C:\Windows\system32;C:\Windows;D:\developmentTool\cmder\vendor\bin;D:\developmentTool\cmder\vendor\conemu-maximus5\ConEmu\Scripts;D:\developmentTool\cmder\vendor\conemu-maximus5;D:\developmentTool\cmder\vendor\conemu-maximus5\ConEmu;C:\Program Files (x86)\Common Files\Oracle\Java\javapath;C:\Windows\system32;C:\Windows;C:\Windows\System32\Wbem;C:\Windows\System32\WindowsPowerShell\v1.0\;C:\Windows\System32\OpenSSH\;C:\Program Files (x86)\NVIDIA Corporation\PhysX\Common;C:\Program Files\NVIDIA Corporation\NVIDIA NvDLISR;D:\developmentTool\java\jdk\bin;D:\developmentTool\Git\cmd;D:\developmentTool\SDKManage\tools;D:\developmentTool\SDKManage\platform-tools;D:\developmentTool\nvm;C:\Program Files\nodejs;D:\developmentTool\nodejs\;C:\Users\jirc\AppData\Local\Microsoft\WindowsApps;D:\developmentTool\IntelliJ IDEA Community Edition 2020.1.3\bin;C:\Users\jirc\AppData\Local\Programs\Fiddler;D:\developmentTool\PyCharm Community Edition 2020.3.2\bin;D:\developmentTool\apache-maven-3.6.3\bin;D:\developmentTool\nvm;C:\Program Files\nodejs;C:\Users\jirc\AppData\Roaming\npm;D:\developmentTool\Microsoft VS Code\bin;D:\developmentTool\Git\mingw64\bin;D:\developmentTool\Git\usr\bin;D:\developmentTool\cmder;."/>
    <property name="maven.conf" value="D:\developmentTool\apache-maven-3.6.3\bin\../conf"/>
    <property name="java.specification.name" value="Java Platform API Specification"/>
    <property name="java.class.version" value="52.0"/>
    <property name="sun.management.compiler" value="HotSpot 64-Bit Tiered Compilers"/>
    <property name="os.version" value="10.0"/>
    <property name="library.jansi.path" value="D:\developmentTool\apache-maven-3.6.3\bin\..\lib\jansi-native"/>
    <property name="user.home" value="C:\Users\jirc"/>
    <property name="user.timezone" value="Asia/Shanghai"/>
    <property name="java.awt.printerjob" value="sun.awt.windows.WPrinterJob"/>
    <property name="java.specification.version" value="1.8"/>
    <property name="file.encoding" value="GBK"/>
    <property name="user.name" value="jirc"/>
    <property name="java.class.path" value="D:\developmentTool\apache-maven-3.6.3\bin\..\boot\plexus-classworlds-2.6.0.jar"/>
    <property name="java.vm.specification.version" value="1.8"/>
    <property name="sun.arch.data.model" value="64"/>
    <property name="java.home" value="D:\developmentTool\java\jdk\jre"/>
    <property name="sun.java.command" value="org.codehaus.plexus.classworlds.launcher.Launcher test"/>
    <property name="java.specification.vendor" value="Oracle Corporation"/>
    <property name="user.language" value="zh"/>
    <property name="awt.toolkit" value="sun.awt.windows.WToolkit"/>
    <property name="java.vm.info" value="mixed mode"/>
    <property name="java.version" value="1.8.0_251"/>
    <property name="java.ext.dirs" value="D:\developmentTool\java\jdk\jre\lib\ext;C:\Windows\Sun\Java\lib\ext"/>
    <property name="sun.boot.class.path" value="D:\developmentTool\java\jdk\jre\lib\resources.jar;D:\developmentTool\java\jdk\jre\lib\rt.jar;D:\developmentTool\java\jdk\jre\lib\sunrsasign.jar;D:\developmentTool\java\jdk\jre\lib\jsse.jar;D:\developmentTool\java\jdk\jre\lib\jce.jar;D:\developmentTool\java\jdk\jre\lib\charsets.jar;D:\developmentTool\java\jdk\jre\lib\jfr.jar;D:\developmentTool\java\jdk\jre\classes"/>
    <property name="sun.stderr.encoding" value="ms936"/>
    <property name="java.vendor" value="Oracle Corporation"/>
    <property name="maven.home" value="D:\developmentTool\apache-maven-3.6.3\bin\.."/>
    <property name="file.separator" value="\"/>
    <property name="java.vendor.url.bug" value="http://bugreport.sun.com/bugreport/"/>
    <property name="sun.cpu.endian" value="little"/>
    <property name="sun.io.unicode.encoding" value="UnicodeLittle"/>
    <property name="sun.stdout.encoding" value="ms936"/>
    <property name="sun.desktop" value="windows"/>
    <property name="sun.cpu.isalist" value="amd64"/>
  </properties>
  <testcase name="getToken" classname="com.demo.test.testcase.InterfaceCase" time="2.367"/>
  <testcase name="loginSuccess" classname="com.demo.test.testcase.SelCase" time="1.528"/>
  <testcase name="loginFalse" classname="com.demo.test.testcase.SelCase" time="8.032"/>
  <testcase name="fail" classname="com.demo.test.testcase.SelCase" time="0.016">
    <failure message="expected [false] but found [true]" type="java.lang.AssertionError">java.lang.AssertionError: expected [false] but found [true]
	at com.demo.test.testcase.SelCase.fail(SelCase.java:39)
</failure>
  </testcase>
</testsuite>